<?xml version="1.0" encoding="UTF-8"?>
<!-- Generated by org.testng.reporters.JUnitReportReporter -->
<testsuite hostname="HBPTester" failures="0" tests="1" name="March.Automative.Machines_stored" time="9.053" errors="0" timestamp="2025-03-01T13:39:01 IST" skipped="0">
  <testcase classname="March.Automative.Machines_stored" name="testFiles" time="9.053"/>
  <system-out/>
</testsuite> <!-- March.Automative.Machines_stored -->
